<?xml version="1.0" encoding="UTF-8"?>
<!-- Generated by org.testng.reporters.JUnitXMLReporter -->
<testsuite ignored="0" hostname="DESKTOP-QPJTBPD" failures="0" tests="2" name="ChromeBrowser" time="112.283" errors="0" timestamp="2022-09-21T16:26:39 IST">
  <testcase classname="browsercompatibility.Varifyroom$VarifyRoomPageTestNg" name="verifyHelpCenterButton" time="5.831"/>
  <testcase classname="browsercompatibility.Varifyroom$VarifyRoomPageTestNg" name="verifyMessengerButton" time="63.626"/>
</testsuite> <!-- ChromeBrowser -->
