<?xml version="1.0" encoding="UTF-8"?>
<!-- Generated by org.testng.reporters.JUnitXMLReporter -->
<testsuite ignored="0" hostname="DESKTOP-QPJTBPD" failures="0" tests="4" name="OperaBrowser" time="175.727" errors="0" timestamp="2022-09-17T13:28:59 IST">
  <testcase classname="browsercompatibility.Varifyroom$VarifyRoomPageTestNg" name="verifyHelpCenterButton" time="3.253"/>
  <testcase classname="browsercompatibility.Varifyroom$VarifyRoomPageTestNg" name="verifyMessengerButton" time="7.741"/>
  <testcase classname="browsercompatibility.Varifyacc$Varifycreateaccorwatchlist" name="verifycreatenewacc" time="34.179"/>
  <testcase classname="browsercompatibility.Varifyacc$Varifycreateaccorwatchlist" name="verifywishlist" time="56.441"/>
</testsuite> <!-- OperaBrowser -->
