<?xml version="1.0" encoding="UTF-8"?>
<testng-results ignored="0" total="1" passed="1" failed="0" skipped="0">
  <reporter-output>
  </reporter-output>
  <suite started-at="2022-09-21T18:28:09 IST" name="Suite" finished-at="2022-09-21T18:28:59 IST" duration-ms="50338">
    <groups>
    </groups>
    <test started-at="2022-09-21T18:28:09 IST" name="Test" finished-at="2022-09-21T18:28:59 IST" duration-ms="50338">
      <class name="browsercompatibility.Varifyaccount$Varifycreateaccorwatchlist">
        <test-method is-config="true" signature="launchBrowser(java.lang.String)[pri:0, instance:browsercompatibility.Varifyaccount$Varifycreateaccorwatchlist@4466af20]" started-at="2022-09-21T18:28:09 IST" name="launchBrowser" finished-at="2022-09-21T18:28:14 IST" duration-ms="4868" status="PASS">
          <params>
            <param index="0">
              <value>
                <![CDATA[Chrome]]>
              </value>
            </param>
          </params>
          <reporter-output>
          </reporter-output>
        </test-method> <!-- launchBrowser -->
        <test-method is-config="true" signature="createPOMobjects()[pri:0, instance:browsercompatibility.Varifyaccount$Varifycreateaccorwatchlist@4466af20]" started-at="2022-09-21T18:28:14 IST" name="createPOMobjects" finished-at="2022-09-21T18:28:14 IST" duration-ms="486" status="PASS">
          <reporter-output>
          </reporter-output>
        </test-method> <!-- createPOMobjects -->
        <test-method is-config="true" signature="openRoomsPage()[pri:0, instance:browsercompatibility.Varifyaccount$Varifycreateaccorwatchlist@4466af20]" started-at="2022-09-21T18:28:14 IST" name="openRoomsPage" finished-at="2022-09-21T18:28:21 IST" duration-ms="6821" status="PASS">
          <reporter-output>
          </reporter-output>
        </test-method> <!-- openRoomsPage -->
        <test-method signature="verifycreatenewacc()[pri:0, instance:browsercompatibility.Varifyaccount$Varifycreateaccorwatchlist@4466af20]" started-at="2022-09-21T18:28:21 IST" name="verifycreatenewacc" finished-at="2022-09-21T18:28:58 IST" duration-ms="37283" status="PASS">
          <reporter-output>
          </reporter-output>
        </test-method> <!-- verifycreatenewacc -->
        <test-method is-config="true" signature="logOutFromAppln()[pri:0, instance:browsercompatibility.Varifyaccount$Varifycreateaccorwatchlist@4466af20]" started-at="2022-09-21T18:28:58 IST" name="logOutFromAppln" finished-at="2022-09-21T18:28:58 IST" duration-ms="2" status="PASS">
          <reporter-output>
          </reporter-output>
        </test-method> <!-- logOutFromAppln -->
        <test-method is-config="true" signature="cleanPOMObject()[pri:0, instance:browsercompatibility.Varifyaccount$Varifycreateaccorwatchlist@4466af20]" started-at="2022-09-21T18:28:58 IST" name="cleanPOMObject" finished-at="2022-09-21T18:28:58 IST" duration-ms="2" status="PASS">
          <reporter-output>
          </reporter-output>
        </test-method> <!-- cleanPOMObject -->
        <test-method is-config="true" signature="closeBrowser()[pri:0, instance:browsercompatibility.Varifyaccount$Varifycreateaccorwatchlist@4466af20]" started-at="2022-09-21T18:28:58 IST" name="closeBrowser" finished-at="2022-09-21T18:28:59 IST" duration-ms="755" status="PASS">
          <reporter-output>
          </reporter-output>
        </test-method> <!-- closeBrowser -->
      </class> <!-- browsercompatibility.Varifyaccount$Varifycreateaccorwatchlist -->
    </test> <!-- Test -->
  </suite> <!-- Suite -->
</testng-results>
