<?xml version="1.0" encoding="UTF-8"?>
<!-- Generated by org.testng.reporters.JUnitXMLReporter -->
<testsuite ignored="1" hostname="DESKTOP-QPJTBPD" failures="0" tests="1" name="ChromeBrowser(failed)(failed)" time="44.355" errors="0" timestamp="2022-09-18T15:11:29 IST">
  <testcase classname="browsercompatibility.Varifyacc$Varifycreateaccorwatchlist" name="verifycreatenewacc" time="30.886"/>
  <testcase classname="browsercompatibility.Varifyacc$Varifycreateaccorwatchlist" name="verifywishlist" time="0.0">
    <ignored/>
  </testcase> <!-- verifywishlist -->
</testsuite> <!-- ChromeBrowser(failed)(failed) -->
